

Processing HomeController#index (for 127.0.0.1 at 2010-05-21 15:55:17) [GET]
Rendering template within layouts/application
Rendering home/index
Completed in 76ms (View: 16, DB: 58) | 200 OK [http://localhost/home]


Processing HomeController#geral (for 127.0.0.1 at 2010-05-21 15:55:18) [GET]
Completed in 16ms (View: 0, DB: 11) | 200 OK [http://localhost/graficos/geral]


Processing HomeController#index (for 127.0.0.1 at 2010-05-21 15:55:57) [GET]
Rendering template within layouts/application
Rendering home/index
Completed in 31ms (View: 5, DB: 22) | 200 OK [http://localhost/home]


Processing HomeController#geral (for 127.0.0.1 at 2010-05-21 15:55:58) [GET]
Completed in 12ms (View: 0, DB: 9) | 200 OK [http://localhost/graficos/geral]


Processing HomeController#index (for 127.0.0.1 at 2010-05-21 15:56:01) [GET]
Rendering template within layouts/application
Rendering home/index
Completed in 90ms (View: 5, DB: 21) | 200 OK [http://localhost/home]


Processing HomeController#geral (for 127.0.0.1 at 2010-05-21 15:56:02) [GET]
Completed in 10ms (View: 0, DB: 8) | 200 OK [http://localhost/graficos/geral]


Processing GraficosChapasController#index (for 127.0.0.1 at 2010-05-21 15:56:17) [GET]
Rendering template within layouts/application
Rendering graficos_chapas/index
Completed in 21ms (View: 4, DB: 13) | 200 OK [http://localhost/graficos_chapas]


Processing GraficosChapasController#swf_por_chapa (for 127.0.0.1 at 2010-05-21 15:56:17) [GET]
  Parameters: {"idchapa"=>"2"}
Completed in 17ms (View: 0, DB: 13) | 200 OK [http://localhost/graficos/swf_por_chapa?idchapa=2]


Processing GraficosChapasController#swf_por_chapa (for 127.0.0.1 at 2010-05-21 15:56:17) [GET]
  Parameters: {"idchapa"=>"1"}
Completed in 17ms (View: 0, DB: 14) | 200 OK [http://localhost/graficos/swf_por_chapa?idchapa=1]


Processing HomeController#index (for 127.0.0.1 at 2010-05-21 15:56:24) [GET]
Rendering template within layouts/application
Rendering home/index
Completed in 29ms (View: 5, DB: 22) | 200 OK [http://localhost/home]


Processing HomeController#geral (for 127.0.0.1 at 2010-05-21 15:56:25) [GET]
Completed in 12ms (View: 1, DB: 8) | 200 OK [http://localhost/graficos/geral]


Processing GraficosChapasController#index (for 127.0.0.1 at 2010-05-21 15:56:30) [GET]
Rendering template within layouts/application
Rendering graficos_chapas/index
Completed in 18ms (View: 4, DB: 12) | 200 OK [http://localhost/graficos_chapas]


Processing GraficosChapasController#swf_por_chapa (for 127.0.0.1 at 2010-05-21 15:56:30) [GET]
  Parameters: {"idchapa"=>"2"}
Completed in 12ms (View: 0, DB: 9) | 200 OK [http://localhost/graficos/swf_por_chapa?idchapa=2]


Processing GraficosChapasController#swf_por_chapa (for 127.0.0.1 at 2010-05-21 15:56:30) [GET]
  Parameters: {"idchapa"=>"1"}
Completed in 13ms (View: 0, DB: 9) | 200 OK [http://localhost/graficos/swf_por_chapa?idchapa=1]


Processing GraficosChapasController#index (for 127.0.0.1 at 2010-05-21 15:57:25) [GET]
Rendering template within layouts/application
Rendering graficos_chapas/index
Completed in 17ms (View: 4, DB: 11) | 200 OK [http://localhost/graficos_chapas]


Processing GraficosChapasController#swf_por_chapa (for 127.0.0.1 at 2010-05-21 15:57:25) [GET]
  Parameters: {"idchapa"=>"2"}
Completed in 12ms (View: 0, DB: 9) | 200 OK [http://localhost/graficos/swf_por_chapa?idchapa=2]


Processing GraficosChapasController#swf_por_chapa (for 127.0.0.1 at 2010-05-21 15:57:25) [GET]
  Parameters: {"idchapa"=>"1"}
Completed in 11ms (View: 0, DB: 8) | 200 OK [http://localhost/graficos/swf_por_chapa?idchapa=1]
